c:\personal\git\projects\interviewcoding\squareroot\debug\codesamples.pch
c:\personal\git\projects\interviewcoding\squareroot\debug\vc120.pdb
c:\personal\git\projects\interviewcoding\squareroot\debug\vc120.idb
c:\personal\git\projects\interviewcoding\squareroot\debug\stdafx.obj
c:\personal\git\projects\interviewcoding\squareroot\debug\addtwolinkedlists.obj
c:\personal\git\projects\interviewcoding\squareroot\debug\binarytree.obj
c:\personal\git\projects\interviewcoding\squareroot\debug\flattenbsttodll.obj
c:\personal\git\projects\interviewcoding\squareroot\debug\permutation.obj
c:\personal\git\projects\interviewcoding\squareroot\debug\reverselinkedlist.obj
c:\personal\git\projects\interviewcoding\squareroot\debug\singlylinkedlist.obj
c:\personal\git\projects\interviewcoding\squareroot\debug\squareroot.obj
c:\personal\git\projects\interviewcoding\squareroot\debug\subsequence.obj
c:\personal\git\projects\interviewcoding\squareroot\debug\dllmain.obj
c:\personal\git\projects\interviewcoding\debug\codesamples.lib
c:\personal\git\projects\interviewcoding\debug\codesamples.exp
c:\personal\git\projects\interviewcoding\debug\codesamples.ilk
c:\personal\git\projects\interviewcoding\debug\codesamples.dll
c:\personal\git\projects\interviewcoding\debug\codesamples.pdb
c:\personal\git\projects\interviewcoding\squareroot\debug\codesamples.tlog\cl.command.1.tlog
c:\personal\git\projects\interviewcoding\squareroot\debug\codesamples.tlog\cl.read.1.tlog
c:\personal\git\projects\interviewcoding\squareroot\debug\codesamples.tlog\cl.write.1.tlog
c:\personal\git\projects\interviewcoding\squareroot\debug\codesamples.tlog\codesamples.write.1u.tlog
c:\personal\git\projects\interviewcoding\squareroot\debug\codesamples.tlog\link.command.1.tlog
c:\personal\git\projects\interviewcoding\squareroot\debug\codesamples.tlog\link.read.1.tlog
c:\personal\git\projects\interviewcoding\squareroot\debug\codesamples.tlog\link.write.1.tlog
